2023-01-22 18:42:45,638 - __main__ - INFO - Kenji_Psy started the bot.
2023-01-22 18:43:42,293 - __main__ - INFO - Kenji_Psy started the bot.
2023-01-22 18:43:45,756 - __main__ - INFO - Button consult selected by Kenji_Psy
2023-01-22 18:45:50,484 - __main__ - INFO - Kenji_Psy started the bot.
2023-01-22 18:45:52,494 - __main__ - INFO - Button consult selected by Kenji_Psy
2023-01-22 18:45:57,126 - __main__ - INFO - قم is the city of Kenji_Psy
2023-01-22 18:46:01,177 - __main__ - INFO - fullname of Kenji_Psy : وحید رفیعی
2023-01-22 18:46:03,579 - __main__ - INFO - Kenji_Psy selected right eyelid
2023-01-22 18:46:07,676 - __main__ - INFO - print ( " vahid " ) phone : 09192955424
2023-01-22 18:46:41,941 - __main__ - INFO - Kenji_Psy started the bot.
2023-01-22 18:46:45,029 - __main__ - INFO - Button consult selected by Kenji_Psy
2023-01-22 18:46:46,775 - __main__ - INFO - قم is the city of Kenji_Psy
2023-01-22 18:46:49,260 - __main__ - INFO - fullname of Kenji_Psy : وحید رفیعی
2023-01-22 18:46:51,721 - __main__ - INFO - Kenji_Psy selected left eyelid
2023-01-22 18:46:57,937 - __main__ - INFO - print ( " vahid " ) phone : 09192955424
2023-01-22 18:49:08,226 - __main__ - INFO - Kenji_Psy started the bot.
2023-01-22 18:49:10,308 - __main__ - INFO - Button consult selected by Kenji_Psy
2023-01-22 18:49:13,694 - __main__ - INFO - تهران is the city of Kenji_Psy
2023-01-22 18:49:16,879 - __main__ - INFO - fullname of Kenji_Psy : سردار سلامی
2023-01-22 18:49:19,938 - __main__ - INFO - Kenji_Psy selected right eyelid
2023-01-22 18:49:25,977 - __main__ - INFO - print ( " vahid " ) phone : 09192955420
2023-01-22 18:55:13,506 - __main__ - INFO - Kenji_Psy started the bot.
2023-01-22 18:55:15,484 - __main__ - INFO - Button consult selected by Kenji_Psy
2023-01-22 18:55:18,198 - __main__ - INFO - qom is the city of Kenji_Psy
2023-01-22 18:55:21,373 - __main__ - INFO - fullname of Kenji_Psy : vahid rafiyi
2023-01-22 18:55:23,881 - __main__ - INFO - Kenji_Psy selected right eyelid
2023-01-22 18:55:27,513 - __main__ - INFO - print ( " vahid " ) phone : 0903
2023-01-22 18:57:12,690 - __main__ - INFO - Kenji_Psy started the bot.
2023-01-22 18:57:14,750 - __main__ - INFO - Button consult selected by Kenji_Psy
2023-01-22 18:57:17,154 - __main__ - INFO - 123 is the city of Kenji_Psy
2023-01-22 18:57:25,316 - __main__ - INFO - fullname of Kenji_Psy : 123
2023-01-22 18:57:27,238 - __main__ - INFO - Kenji_Psy selected right eyelid
2023-01-22 18:57:29,243 - __main__ - INFO - print ( " vahid " ) phone : 123
2023-01-22 18:59:00,279 - __main__ - INFO - Kenji_Psy started the bot.
2023-01-22 18:59:02,324 - __main__ - INFO - Button consult selected by Kenji_Psy
2023-01-22 18:59:05,193 - __main__ - INFO - 1234 is the city of Kenji_Psy
2023-01-22 18:59:08,000 - __main__ - INFO - fullname of Kenji_Psy : 1234
2023-01-22 18:59:09,539 - __main__ - INFO - Kenji_Psy selected right eyelid
2023-01-22 18:59:11,743 - __main__ - INFO - print ( " vahid " ) phone : 1234
2023-01-22 19:07:15,654 - __main__ - INFO - Kenji_Psy started the bot.
2023-01-22 19:07:18,828 - __main__ - INFO - Button consult selected by Kenji_Psy
2023-01-22 19:07:21,219 - __main__ - INFO - 1234 is the city of Kenji_Psy
2023-01-22 19:07:23,265 - __main__ - INFO - fullname of Kenji_Psy : 1234
2023-01-22 19:07:24,759 - __main__ - INFO - Kenji_Psy selected right eyelid
2023-01-22 19:07:26,787 - __main__ - INFO - print ( " vahid " ) phone : 1234
2023-01-22 19:09:20,201 - __main__ - INFO - Kenji_Psy started the bot.
2023-01-22 19:09:22,276 - __main__ - INFO - Button consult selected by Kenji_Psy
2023-01-22 19:09:24,273 - __main__ - INFO - 1234 is the city of Kenji_Psy
2023-01-22 19:09:26,505 - __main__ - INFO - fullname of Kenji_Psy : 1234
2023-01-22 19:09:28,015 - __main__ - INFO - Kenji_Psy selected right eyelid
2023-01-22 19:09:30,263 - __main__ - INFO - print ( " vahid " ) phone : 1234
2023-01-22 19:10:11,204 - __main__ - INFO - Kenji_Psy started the bot.
2023-01-22 19:10:13,733 - __main__ - INFO - Button consult selected by Kenji_Psy
2023-01-22 19:10:15,752 - __main__ - INFO - 1234 is the city of Kenji_Psy
2023-01-22 19:10:17,629 - __main__ - INFO - fullname of Kenji_Psy : 1234
2023-01-22 19:10:18,931 - __main__ - INFO - Kenji_Psy selected right eyelid
2023-01-22 19:10:20,797 - __main__ - INFO - print ( " vahid " ) phone : 1234
2023-01-22 19:12:20,363 - __main__ - INFO - Kenji_Psy started the bot.
2023-01-22 19:12:22,541 - __main__ - INFO - Button consult selected by Kenji_Psy
2023-01-22 19:12:26,334 - __main__ - INFO - qoom is the city of Kenji_Psy
2023-01-22 19:12:27,878 - __main__ - INFO - fullname of Kenji_Psy : vahid
2023-01-22 19:12:39,196 - __main__ - INFO - Kenji_Psy selected right eyelid
2023-01-22 19:12:42,556 - __main__ - INFO - print ( " vahid " ) phone : 0919
2023-01-22 19:13:54,378 - __main__ - INFO - Kenji_Psy started the bot.
2023-01-22 19:13:57,226 - __main__ - INFO - Button consult selected by Kenji_Psy
2023-01-22 19:14:00,013 - __main__ - INFO - qom is the city of Kenji_Psy
2023-01-22 19:14:02,461 - __main__ - INFO - fullname of Kenji_Psy : vahid
2023-01-22 19:14:04,722 - __main__ - INFO - Kenji_Psy selected right eyelid
2023-01-22 19:14:07,335 - __main__ - INFO - print ( " vahid " ) phone : 0919
2023-01-22 19:21:10,383 - __main__ - INFO - Kenji_Psy started the bot.
2023-01-22 19:21:12,286 - __main__ - INFO - Button consult selected by Kenji_Psy
2023-01-22 19:21:14,993 - __main__ - INFO - قم is the city of Kenji_Psy
2023-01-22 19:21:18,090 - __main__ - INFO - fullname of Kenji_Psy : وحید رفیعی
2023-01-22 19:21:21,588 - __main__ - INFO - Kenji_Psy selected right eyelid
2023-01-22 19:21:28,787 - __main__ - INFO - print ( " vahid " ) phone : 09192955424
2023-01-22 19:34:17,782 - __main__ - INFO - Kenji_Psy started the bot.
2023-01-22 19:34:19,786 - __main__ - INFO - Button consult selected by Kenji_Psy
2023-01-22 19:34:22,530 - __main__ - INFO - قم is the city of Kenji_Psy
2023-01-22 19:34:25,664 - __main__ - INFO - fullname of Kenji_Psy : وحید رفیعی
2023-01-22 19:34:28,648 - __main__ - INFO - Kenji_Psy selected right eyelid
2023-01-22 19:34:33,938 - __main__ - INFO - print ( " vahid " ) phone : 09192955424
2023-01-22 19:35:52,777 - __main__ - INFO - Kenji_Psy started the bot.
2023-01-22 19:35:54,479 - __main__ - INFO - Button consult selected by Kenji_Psy
2023-01-22 19:35:57,456 - __main__ - INFO - قم is the city of Kenji_Psy
2023-01-22 19:36:02,940 - __main__ - INFO - fullname of Kenji_Psy : وحید
2023-01-22 19:36:05,906 - __main__ - INFO - Kenji_Psy selected right eyelid
2023-01-22 19:36:10,589 - __main__ - INFO - print ( " vahid " ) phone : 09192955424
2023-01-22 19:37:09,681 - __main__ - INFO - Kenji_Psy started the bot.
2023-01-22 19:37:11,394 - __main__ - INFO - Button consult selected by Kenji_Psy
2023-01-22 19:37:13,334 - __main__ - INFO - قم is the city of Kenji_Psy
2023-01-22 19:37:16,928 - __main__ - INFO - fullname of Kenji_Psy : وحید رفیعی
2023-01-22 19:37:19,536 - __main__ - INFO - Kenji_Psy selected right eyelid
2023-01-22 19:37:23,485 - __main__ - INFO - print ( " vahid " ) phone : 09192955424
2023-01-22 19:39:37,402 - __main__ - INFO - Kenji_Psy started the bot.
2023-01-22 19:39:39,387 - __main__ - INFO - Button consult selected by Kenji_Psy
2023-01-22 19:39:44,593 - __main__ - INFO - قم is the city of Kenji_Psy
2023-01-22 19:39:50,703 - __main__ - INFO - fullname of Kenji_Psy : وحید رفیعی
2023-01-22 19:39:53,664 - __main__ - INFO - Kenji_Psy selected left eyelid
2023-01-22 19:40:00,414 - __main__ - INFO - print ( " vahid " ) phone : 09192955424
2023-01-22 19:42:48,251 - __main__ - INFO - Kenji_Psy started the bot.
2023-01-22 19:42:50,496 - __main__ - INFO - Button consult selected by Kenji_Psy
2023-01-22 19:42:53,929 - __main__ - INFO - قم is the city of Kenji_Psy
2023-01-22 19:42:56,239 - __main__ - INFO - fullname of Kenji_Psy : وحید رفیعی
2023-01-22 19:42:58,290 - __main__ - INFO - Kenji_Psy selected right eyelid
2023-01-22 19:43:03,881 - __main__ - INFO - print ( " vahid " ) phone : 09192955424
2023-01-22 19:44:50,843 - __main__ - INFO - Kenji_Psy started the bot.
2023-01-22 19:44:52,896 - __main__ - INFO - Button consult selected by Kenji_Psy
2023-01-22 19:44:59,806 - __main__ - INFO - قم is the city of Kenji_Psy
2023-01-22 19:45:02,617 - __main__ - INFO - fullname of Kenji_Psy : وحید رفیعی
2023-01-22 19:45:04,654 - __main__ - INFO - Kenji_Psy selected left eyelid
2023-01-22 19:45:08,762 - __main__ - INFO - print ( " vahid " ) phone : 09192955424
2023-01-22 19:47:39,353 - __main__ - INFO - print ( " vahid " ) phone : /start
2023-01-22 19:48:01,776 - __main__ - INFO - Kenji_Psy started the bot.
2023-01-22 19:48:02,971 - __main__ - INFO - Button consult selected by Kenji_Psy
2023-01-22 19:48:07,698 - __main__ - INFO - قم is the city of Kenji_Psy
2023-01-22 19:48:11,765 - __main__ - INFO - fullname of Kenji_Psy : وحید رفیعی
2023-01-22 19:48:14,463 - __main__ - INFO - Kenji_Psy selected left eyelid
2023-01-22 19:48:18,847 - __main__ - INFO - print ( " vahid " ) phone : 09192955424
2023-01-22 19:50:19,705 - __main__ - INFO - Kenji_Psy started the bot.
2023-01-22 19:50:21,463 - __main__ - INFO - Button consult selected by Kenji_Psy
2023-01-22 19:50:24,978 - __main__ - INFO - قم is the city of Kenji_Psy
2023-01-22 19:50:27,923 - __main__ - INFO - fullname of Kenji_Psy : وحید رفیعی
2023-01-22 19:50:32,147 - __main__ - INFO - Kenji_Psy selected left eyelid
2023-01-22 19:50:37,047 - __main__ - INFO - print ( " vahid " ) phone : 09192955424
2023-01-23 08:12:22,384 - __main__ - INFO - Telmaliy started the bot.
2023-01-23 08:12:30,171 - __main__ - INFO - Button consult selected by Telmaliy
2023-01-23 08:12:42,109 - __main__ - INFO - قم is the city of Telmaliy
2023-01-23 08:12:51,955 - __main__ - INFO - fullname of Telmaliy : وحید رفیعی
2023-01-23 08:12:57,225 - __main__ - INFO - Telmaliy selected right eyelid
2023-01-23 08:13:07,526 - __main__ - INFO - 𝒯ℯ𝓁𝓂𝒶❀ phone : ۷۹۷۸۷۶۷۶۵۵۴۸
2023-01-23 08:14:17,488 - __main__ - INFO - Telmaliy started the bot.
2023-01-23 08:14:19,547 - __main__ - INFO - Button consult selected by Telmaliy
2023-01-23 08:14:24,152 - __main__ - INFO - تهران is the city of Telmaliy
2023-01-23 08:14:27,592 - __main__ - INFO - fullname of Telmaliy : ناجی
2023-01-23 08:14:29,621 - __main__ - INFO - Telmaliy selected left eyelid
2023-01-23 08:14:34,232 - __main__ - INFO - 𝒯ℯ𝓁𝓂𝒶❀ phone : ۰۹۸۵۴۷۴۴۳۲۴۲۲
2023-01-23 08:15:21,551 - __main__ - INFO - Telmaliy started the bot.
2023-01-23 08:15:23,234 - __main__ - INFO - Button consult selected by Telmaliy
2023-01-23 08:15:28,553 - __main__ - INFO - مشهد is the city of Telmaliy
2023-01-23 08:15:32,701 - __main__ - INFO - fullname of Telmaliy : ممد
2023-01-23 08:15:34,824 - __main__ - INFO - Telmaliy selected left eyelid
2023-01-23 08:15:39,658 - __main__ - INFO - 𝒯ℯ𝓁𝓂𝒶❀ phone : ۰۹۸۳۸۳۷۳۸۳۸۳
2023-01-24 15:06:44,573 - __main__ - INFO - Kenji_Psy started the bot.
2023-01-24 15:24:27,674 - logging_module - INFO - User(first_name='print ( " vahid " )', id=142566572, is_bot=False, language_code='en', username='Kenji_Psy') started the bot.
2023-01-24 15:25:00,806 - logging_module - INFO - Kenji_Psy started the bot.
2023-01-24 15:26:44,048 - logging_module - INFO - Kenji_Psy started the bot.
2023-01-24 15:27:25,432 - logging_module - INFO - zakiiakrami started the bot.
2023-01-24 15:27:29,336 - logging_module - INFO - Button consult selected by zakiiakrami
2023-01-24 15:27:32,988 - logging_module - INFO - Hs is the city of zakiiakrami
2023-01-24 15:27:34,812 - logging_module - INFO - fullname of zakiiakrami : Ha
2023-01-24 15:27:38,006 - logging_module - INFO - zakiiakrami selected right eyelid
2023-01-24 15:27:40,357 - logging_module - INFO - ●Ali-e● phone : Bbx
2023-01-24 15:38:05,118 - logging_module - INFO - Kenji_Psy started the bot.
2023-01-24 15:39:01,211 - logging_module - INFO - Kenji_Psy started the bot.
2023-01-24 15:39:18,514 - logging_module - INFO - Kenji_Psy started the bot.
2023-01-24 15:39:37,234 - logging_module - INFO - Kenji_Psy started the bot.
2023-01-24 15:41:54,688 - logging_module - INFO - Kenji_Psy started the bot.
2023-01-24 15:42:26,572 - logging_module - INFO - Kenji_Psy started the bot.
2023-01-24 15:43:31,316 - logging_module - INFO - Kenji_Psy started the bot.
2023-01-24 15:43:32,964 - logging_module - INFO - Button laser selected by 
2023-01-24 15:43:35,701 - logging_module - INFO - Button thinness selected by 
2023-01-24 15:43:36,412 - logging_module - INFO - Button botox selected by 
2023-01-24 15:43:36,831 - logging_module - INFO - Button skin selected by 
2023-01-24 15:45:36,281 - logging_module - INFO - Kenji_Psy started the bot.
2023-01-24 15:46:00,620 - logging_module - INFO - Kenji_Psy started the bot.
2023-01-24 15:46:03,006 - logging_module - INFO - Button laser selected by 
2023-01-24 15:46:38,551 - logging_module - INFO - Kenji_Psy started the bot.
2023-01-24 15:46:40,168 - logging_module - INFO - Button laser selected by 
2023-01-24 15:50:53,860 - logging_module - INFO - Kenji_Psy started the bot.
2023-01-24 15:50:55,992 - logging_module - INFO - Button laser selected by Kenji_Psy
2023-01-24 15:54:21,522 - logging_module - INFO - Kenji_Psy started the bot.
2023-01-24 15:54:32,258 - logging_module - INFO - Button laser selected by Kenji_Psy
2023-01-24 15:56:43,633 - logging_module - INFO - Kenji_Psy started the bot.
2023-01-24 15:56:45,171 - logging_module - INFO - Button laser selected by Kenji_Psy
2023-01-24 15:57:24,298 - logging_module - INFO - Kenji_Psy started the bot.
2023-01-24 15:57:27,278 - logging_module - INFO - Button laser selected by Kenji_Psy
2023-01-24 15:58:14,350 - logging_module - INFO - Kenji_Psy started the bot.
2023-01-24 15:58:34,823 - logging_module - INFO - Kenji_Psy started the bot.
2023-01-24 15:58:36,093 - logging_module - INFO - Button laser selected by Kenji_Psy
2023-01-24 15:59:25,796 - logging_module - INFO - Kenji_Psy started the bot.
2023-01-24 15:59:27,513 - logging_module - INFO - Button laser selected by Kenji_Psy
2023-01-24 16:01:56,363 - logging_module - INFO - Kenji_Psy started the bot.
2023-01-24 16:01:57,812 - logging_module - INFO - Button laser selected by Kenji_Psy
2023-01-24 16:02:33,944 - logging_module - INFO - Kenji_Psy started the bot.
2023-01-24 16:02:41,554 - logging_module - INFO - Button thinness selected by Kenji_Psy
2023-01-24 16:04:17,371 - logging_module - INFO - Kenji_Psy started the bot.
2023-01-24 16:04:18,882 - logging_module - INFO - Button laser selected by Kenji_Psy
2023-01-24 16:04:24,435 - logging_module - INFO - وحید رفیعی is the fullname of Kenji_Psy
2023-01-24 17:40:36,353 - logging_module - INFO - Kenji_Psy started the bot.
2023-01-24 17:40:45,175 - logging_module - INFO - Button laser selected by Kenji_Psy
2023-01-24 17:43:50,681 - logging_module - INFO - Kenji_Psy started the bot.
2023-01-24 17:43:52,548 - logging_module - INFO - Button thinness selected by Kenji_Psy
2023-01-24 17:43:59,102 - logging_module - INFO - وحید رفیعی is the fullname of Kenji_Psy
2023-01-24 17:44:05,022 - logging_module - INFO - 09192955424 is the fullname of Kenji_Psy
2023-01-24 17:53:40,050 - logging_module - INFO - Kenji_Psy started the bot.
2023-01-24 17:53:45,772 - logging_module - INFO - Button thinness selected by Kenji_Psy
2023-01-24 17:54:39,517 - logging_module - INFO - Kenji_Psy started the bot.
2023-01-24 17:54:41,568 - logging_module - INFO - Button laser selected by Kenji_Psy
2023-01-24 17:54:46,188 - logging_module - INFO - /start is the fullname of Kenji_Psy
2023-01-24 17:54:58,694 - logging_module - INFO - Kenji_Psy started the bot.
2023-01-24 17:55:00,269 - logging_module - INFO - Button thinness selected by Kenji_Psy
2023-01-24 17:55:05,697 - logging_module - INFO - vahidrafiyi is the fullname of Kenji_Psy
2023-01-24 17:55:10,244 - logging_module - INFO - 09192955424 is the fullname of Kenji_Psy
2023-01-27 18:40:06,024 - logging_module - INFO - Kenji_Psy started the bot.
2023-01-27 18:40:09,289 - logging_module - INFO - Button laser selected by Kenji_Psy
2023-01-27 18:40:39,705 - logging_module - INFO - 123 is the fullname of Kenji_Psy
2023-01-27 18:40:46,842 - logging_module - INFO - Kenji_Psy sent his/her phone: 123
2023-01-27 18:40:47,804 - logging_module - INFO - bye
2023-01-27 18:41:11,209 - logging_module - INFO - Kenji_Psy started the bot.
2023-01-27 18:41:13,096 - logging_module - INFO - Button thinness selected by Kenji_Psy
2023-01-27 18:45:11,809 - logging_module - INFO - Kenji_Psy started the bot.
2023-01-27 18:45:13,736 - logging_module - INFO - Button thinness selected by Kenji_Psy
2023-01-27 18:45:24,272 - logging_module - INFO - /start is the fullname of Kenji_Psy
2023-01-27 18:45:27,763 - logging_module - INFO - Kenji_Psy sent his/her phone: 123
2023-01-27 18:45:28,472 - logging_module - INFO - bye
2023-01-27 18:46:15,013 - logging_module - INFO - Kenji_Psy started the bot.
2023-01-27 18:46:17,027 - logging_module - INFO - Button thinness selected by Kenji_Psy
2023-01-27 18:46:50,541 - logging_module - INFO - Kenji_Psy started the bot.
2023-01-27 18:46:52,323 - logging_module - INFO - Button thinness selected by Kenji_Psy
2023-01-27 18:46:54,168 - logging_module - INFO - Button laser selected by Kenji_Psy
2023-01-27 18:46:58,817 - logging_module - INFO - Button skin selected by Kenji_Psy
2023-01-27 18:47:01,771 - logging_module - INFO - Button botox selected by Kenji_Psy
2023-01-27 18:48:09,179 - logging_module - INFO - Kenji_Psy started the bot.
2023-01-27 18:48:10,931 - logging_module - INFO - Button thinness selected by Kenji_Psy
2023-01-27 18:48:40,955 - logging_module - INFO - Kenji_Psy started the bot.
2023-01-27 18:48:46,136 - logging_module - INFO - Kenji_Psy started the bot.
2023-01-27 18:49:10,543 - logging_module - INFO - Kenji_Psy started the bot.
2023-01-27 18:49:58,204 - logging_module - INFO - Kenji_Psy started the bot.
2023-01-27 18:50:00,257 - logging_module - INFO - Button thinness selected by Kenji_Psy
2023-01-27 18:50:02,663 - logging_module - INFO - Button botox selected by Kenji_Psy
2023-01-27 18:50:03,413 - logging_module - INFO - Button laser selected by Kenji_Psy
2023-01-27 18:50:03,960 - logging_module - INFO - Button skin selected by Kenji_Psy
2023-01-27 18:51:00,268 - logging_module - INFO - Kenji_Psy started the bot.
2023-01-27 18:51:02,169 - logging_module - INFO - Button thinness selected by Kenji_Psy
2023-01-27 18:51:30,689 - logging_module - INFO - Kenji_Psy started the bot.
2023-01-27 18:51:32,712 - logging_module - INFO - Button thinness selected by Kenji_Psy
2023-01-27 18:51:48,628 - logging_module - INFO - 123 is the fullname of Kenji_Psy
2023-01-27 18:51:51,004 - logging_module - INFO - Kenji_Psy sent his/her phone: 1234
2023-01-27 18:51:51,556 - logging_module - INFO - bye
2023-01-27 18:54:00,438 - logging_module - INFO - Kenji_Psy started the bot.
2023-01-27 18:54:02,980 - logging_module - INFO - Button thinness selected by Kenji_Psy
2023-01-27 18:54:05,568 - logging_module - INFO - Button botox selected by Kenji_Psy
2023-01-27 18:54:06,122 - logging_module - INFO - Button skin selected by Kenji_Psy
2023-01-27 18:54:07,007 - logging_module - INFO - Button laser selected by Kenji_Psy
2023-01-27 18:55:45,525 - logging_module - INFO - Kenji_Psy started the bot.
2023-01-27 18:56:00,676 - logging_module - INFO - Kenji_Psy started the bot.
2023-01-27 18:57:04,366 - logging_module - INFO - Kenji_Psy started the bot.
2023-01-27 18:58:30,445 - logging_module - INFO - Kenji_Psy started the bot.
2023-01-27 18:58:32,364 - logging_module - INFO - Button thinness selected by Kenji_Psy
2023-01-27 19:02:31,854 - logging_module - INFO - Kenji_Psy started the bot.
2023-01-27 19:02:37,933 - logging_module - INFO - Button thinness selected by Kenji_Psy
2023-01-27 19:02:39,705 - logging_module - INFO - Button skin selected by Kenji_Psy
2023-01-27 19:02:40,260 - logging_module - INFO - Button botox selected by Kenji_Psy
2023-01-27 19:02:40,669 - logging_module - INFO - Button laser selected by Kenji_Psy
2023-01-27 19:03:29,627 - logging_module - INFO - Kenji_Psy started the bot.
2023-01-27 19:03:31,513 - logging_module - INFO - Button thinness selected by Kenji_Psy
2023-01-27 19:07:11,414 - logging_module - INFO - Kenji_Psy started the bot.
2023-01-27 19:07:13,873 - logging_module - INFO - Button thinness selected by Kenji_Psy
2023-01-27 19:07:27,559 - logging_module - INFO - Kenji_Psy started the bot.
2023-01-27 19:07:30,317 - logging_module - INFO - Button laser selected by Kenji_Psy
2023-01-28 12:33:00,411 - logging_module - INFO - Kenji_Psy started the bot.
2023-01-28 12:33:02,610 - logging_module - INFO - Button thinness selected by Kenji_Psy
2023-01-28 12:33:53,138 - logging_module - INFO - Kenji_Psy started the bot.
2023-01-28 12:33:54,586 - logging_module - INFO - Button thinness selected by Kenji_Psy
